I have no name!@4f33feab8cce:/opt/app$ ls
app.jar  log
I have no name!@4f33feab8cce:/opt/app$ cd log/
I have no name!@4f33feab8cce:/opt/app/log$ ls
BackApp.log
I have no name!@4f33feab8cce:/opt/app/log$ cat BackApp.log
=2023-06-22 16:09:25 [main] INFO  h.cubix.cloud.SecondHomeworkBackapp - Starting SecondHomeworkBackapp v0.0.1-SNAPSHOT using Java 17.0.7 with PID 1 (/opt/app/app.jar started by ? in /opt/app)
=2023-06-22 16:09:25 [main] INFO  h.cubix.cloud.SecondHomeworkBackapp - The following 1 profile is active: "dockerized"
=2023-06-22 16:09:26 [main] INFO  o.s.b.w.e.tomcat.TomcatWebServer - Tomcat initialized with port(s): 8081 (http)
=2023-06-22 16:09:27 [main] INFO  o.a.catalina.core.StandardService - Starting service [Tomcat]
=2023-06-22 16:09:27 [main] INFO  o.a.catalina.core.StandardEngine - Starting Servlet engine: [Apache Tomcat/10.1.8]
=2023-06-22 16:09:27 [main] INFO  o.a.c.c.C.[Tomcat].[localhost].[/] - Initializing Spring embedded WebApplicationContext
=2023-06-22 16:09:27 [main] INFO  o.s.b.w.s.c.ServletWebServerApplicationContext - Root WebApplicationContext: initialization completed in 1190 ms
=2023-06-22 16:09:27 [main] INFO  o.s.b.w.e.tomcat.TomcatWebServer - Tomcat started on port(s): 8081 (http) with context path ''
=2023-06-22 16:09:27 [main] INFO  h.cubix.cloud.SecondHomeworkBackapp - Started SecondHomeworkBackapp in 2.5 seconds (process running for 2.954)
=2023-06-22 16:09:37 [http-nio-8081-exec-1] INFO  o.a.c.c.C.[Tomcat].[localhost].[/] - Initializing Spring DispatcherServlet 'dispatcherServlet'
=2023-06-22 16:09:37 [http-nio-8081-exec-1] INFO  o.s.web.servlet.DispatcherServlet - Initializing Servlet 'dispatcherServlet'
=2023-06-22 16:09:37 [http-nio-8081-exec-1] INFO  o.s.web.servlet.DispatcherServlet - Completed initialization in 1 ms
=2023-06-22 16:09:37 [http-nio-8081-exec-1] INFO  h.cubix.cloud.api.BackappController - Request arrived with message null
=2023-06-22 16:09:37 [http-nio-8081-exec-1] INFO  h.cubix.cloud.api.BackappController - Message was empty, fall back to default
=2023-06-22 16:09:37 [http-nio-8081-exec-1] INFO  h.cubix.cloud.api.BackappController - Default message was empty, falling back to hardcoded default
=2023-06-22 16:09:37 [http-nio-8081-exec-1] INFO  h.cubix.cloud.api.BackappController - Returning response: BackappResponse[time=2023-06-22T16:09:37.908355056, message=hardcoded-default-backapp-message, homeworkOwner=Héring Tamás, hostAddress=172.26.0.2, extraImageData=Cubix training]
=2023-06-22 16:09:41 [http-nio-8081-exec-3] INFO  h.cubix.cloud.api.BackappController - Request arrived with message Hello
=2023-06-22 16:09:41 [http-nio-8081-exec-3] INFO  h.cubix.cloud.api.BackappController - Returning response: BackappResponse[time=2023-06-22T16:09:41.229633020, message=Hello, homeworkOwner=Héring Tamás, hostAddress=172.26.0.2, extraImageData=Cubix training]
